app/build/intermediates/manifest_merge_blame_file/debug/manifest-merger-blame-debug-report.txt
1<?xml version="1.0" encoding="utf-8"?>
2<manifest xmlns:android="http://schemas.android.com/apk/res/android"
3    package="com.example.worst_first"
4    android:versionCode="1"
5    android:versionName="1.0" >
6
7    <uses-sdk
8        android:minSdkVersion="16"
8-->src\main\AndroidManifest.xml
9        android:targetSdkVersion="30" />
9-->src\main\AndroidManifest.xml
10
11    <application
11-->src\main\AndroidManifest.xml:5:5-44:19
12        android:allowBackup="true"
12-->src\main\AndroidManifest.xml:6:9-35
13        android:appComponentFactory="androidx.core.app.CoreComponentFactory"
13-->[androidx.core:core:1.3.0] AndroidManifest.xml:24:18-86
14        android:debuggable="true"
15        android:icon="@mipmap/ic_launcher"
15-->src\main\AndroidManifest.xml:7:9-43
16        android:label="@string/app_name"
16-->src\main\AndroidManifest.xml:8:9-41
17        android:roundIcon="@mipmap/ic_launcher_round"
17-->src\main\AndroidManifest.xml:9:9-54
18        android:supportsRtl="true"
18-->src\main\AndroidManifest.xml:10:9-35
19        android:theme="@style/AppTheme" >
19-->src\main\AndroidManifest.xml:11:9-40
20        <receiver android:name="com.example.worst_first.PassWidget" >
20-->src\main\AndroidManifest.xml:12:9-20:20
20-->src\main\AndroidManifest.xml:12:19-45
21            <intent-filter>
21-->src\main\AndroidManifest.xml:13:13-15:29
22                <action android:name="android.appwidget.action.APPWIDGET_UPDATE" />
22-->src\main\AndroidManifest.xml:14:17-84
22-->src\main\AndroidManifest.xml:14:25-81
23            </intent-filter>
24
25            <meta-data
25-->src\main\AndroidManifest.xml:17:13-19:60
26                android:name="android.appwidget.provider"
26-->src\main\AndroidManifest.xml:18:17-58
27                android:resource="@xml/pass_widget_info" />
27-->src\main\AndroidManifest.xml:19:17-57
28        </receiver>
29        <receiver android:name="com.example.worst_first.ScheduleWidgetProvider" >
29-->src\main\AndroidManifest.xml:22:9-30:20
29-->src\main\AndroidManifest.xml:22:19-57
30            <intent-filter>
30-->src\main\AndroidManifest.xml:13:13-15:29
31                <action android:name="android.appwidget.action.APPWIDGET_UPDATE" />
31-->src\main\AndroidManifest.xml:14:17-84
31-->src\main\AndroidManifest.xml:14:25-81
32            </intent-filter>
33
34            <meta-data
34-->src\main\AndroidManifest.xml:17:13-19:60
35                android:name="android.appwidget.provider"
35-->src\main\AndroidManifest.xml:18:17-58
36                android:resource="@xml/schedule_widget_info" />
36-->src\main\AndroidManifest.xml:19:17-57
37        </receiver>
38
39        <service
39-->src\main\AndroidManifest.xml:32:9-34:72
40            android:name="com.example.worst_first.ScheduleWidgetService"
40-->src\main\AndroidManifest.xml:33:13-50
41            android:permission="android.permission.BIND_REMOTEVIEWS" />
41-->src\main\AndroidManifest.xml:34:13-69
42
43        <activity android:name="com.example.worst_first.MainActivity" >
43-->src\main\AndroidManifest.xml:36:9-42:20
43-->src\main\AndroidManifest.xml:36:19-47
44            <intent-filter>
44-->src\main\AndroidManifest.xml:37:13-41:29
45                <action android:name="android.intent.action.MAIN" />
45-->src\main\AndroidManifest.xml:38:17-69
45-->src\main\AndroidManifest.xml:38:25-66
46
47                <category android:name="android.intent.category.LAUNCHER" />
47-->src\main\AndroidManifest.xml:40:17-77
47-->src\main\AndroidManifest.xml:40:27-74
48            </intent-filter>
49        </activity>
50    </application>
51
52</manifest>